info: Microsoft.Hosting.Lifetime[14]
      Now listening on: http://localhost:5003
info: Microsoft.Hosting.Lifetime[0]
      Application started. Press Ctrl+C to shut down.
info: Microsoft.Hosting.Lifetime[0]
      Hosting environment: Production
info: Microsoft.Hosting.Lifetime[0]
      Content root path: /Users/ries/oteny/wadoo/src/wadoocore.Host
info: Microsoft.AspNetCore.Hosting.Diagnostics[1]
      Request starting HTTP/1.1 GET http://localhost:5003/plugin/math?a=10&b=2 - - -
info: Microsoft.AspNetCore.Routing.EndpointMiddleware[0]
      Executing endpoint 'HTTP: GET /plugin/{pluginName}'
info: Microsoft.AspNetCore.Routing.EndpointMiddleware[1]
      Executed endpoint 'HTTP: GET /plugin/{pluginName}'
fail: Microsoft.AspNetCore.Server.Kestrel[13]
      Connection id "0HNHAPEQP904B", Request id "0HNHAPEQP904B:00000001": An unhandled exception was thrown by the application.
      Wasmtime.WasmtimeException: WebAssembly module 'dotnet' is not valid: failed to parse WebAssembly module
      
      Caused by:
          expected a WebAssembly module but was given a WebAssembly component
         at Wasmtime.Module.FromBytes(Engine engine, String name, ReadOnlySpan`1 bytes)
         at Wasmtime.Module.FromFile(Engine engine, String path)
         at Program.<<Main>$>g__InvokeWasiPlugin|0_2(String pluginName, String method, String path) in /Users/ries/oteny/wadoo/src/wadoocore.Host/Program.cs:line 79
         at Program.<>c.<<<Main>$>b__0_1>d.MoveNext() in /Users/ries/oteny/wadoo/src/wadoocore.Host/Program.cs:line 26
      --- End of stack trace from previous location ---
         at Microsoft.AspNetCore.Http.RequestDelegateFactory.ExecuteTaskResult[T](Task`1 task, HttpContext httpContext)
         at Microsoft.AspNetCore.Routing.EndpointMiddleware.<Invoke>g__AwaitRequestTask|7_0(Endpoint endpoint, Task requestTask, ILogger logger)
         at Microsoft.AspNetCore.Server.Kestrel.Core.Internal.Http.HttpProtocol.ProcessRequests[TContext](IHttpApplication`1 application)
info: Microsoft.AspNetCore.Hosting.Diagnostics[2]
      Request finished HTTP/1.1 GET http://localhost:5003/plugin/math?a=10&b=2 - 500 0 - 42.0144ms
